The system is: Darwin - 16.7.0 - x86_64
Compiling the C compiler identification source file "CMakeCCompilerId.c" succeeded.
Compiler: /Library/Developer/CommandLineTools/usr/bin/cc 
Build flags: 
Id flags:  

The output was:
0


Compilation of the C compiler identification source "CMakeCCompilerId.c" produced "a.out"

The C compiler identification is AppleClang, found in "/Users/w/CLionProjects/BlueCatServer/CMakeFiles/3.17.2/CompilerIdC/a.out"

Compiling the CXX compiler identification source file "CMakeCXXCompilerId.cpp" succeeded.
Compiler: /Library/Developer/CommandLineTools/usr/bin/c++ 
Build flags: 
Id flags:  

The output was:
0


Compilation of the CXX compiler identification source "CMakeCXXCompilerId.cpp" produced "a.out"

The CXX compiler identification is AppleClang, found in "/Users/w/CLionProjects/BlueCatServer/CMakeFiles/3.17.2/CompilerIdCXX/a.out"

Determining if the C compiler works passed with the following output:
Change Dir: /Users/w/CLionProjects/BlueCatServer/CMakeFiles/CMakeTmp

Run Build Command(s):/usr/bin/make cmTC_1b173/fast && /Library/Developer/CommandLineTools/usr/bin/make  -f CMakeFiles/cmTC_1b173.dir/build.make CMakeFiles/cmTC_1b173.dir/build
Building C object CMakeFiles/cmTC_1b173.dir/testCCompiler.c.o
/Library/Developer/CommandLineTools/usr/bin/cc    -o CMakeFiles/cmTC_1b173.dir/testCCompiler.c.o   -c /Users/w/CLionProjects/BlueCatServer/CMakeFiles/CMakeTmp/testCCompiler.c
Linking C executable cmTC_1b173
/Library/Frameworks/Python.framework/Versions/3.5/lib/python3.5/site-packages/cmake/data/CMake.app/Contents/bin/cmake -E cmake_link_script CMakeFiles/cmTC_1b173.dir/link.txt --verbose=1
/Library/Developer/CommandLineTools/usr/bin/cc   -Wl,-search_paths_first -Wl,-headerpad_max_install_names   CMakeFiles/cmTC_1b173.dir/testCCompiler.c.o  -o cmTC_1b173 



Detecting C compiler ABI info compiled with the following output:
Change Dir: /Users/w/CLionProjects/BlueCatServer/CMakeFiles/CMakeTmp

Run Build Command(s):/usr/bin/make cmTC_7f70e/fast && /Library/Developer/CommandLineTools/usr/bin/make  -f CMakeFiles/cmTC_7f70e.dir/build.make CMakeFiles/cmTC_7f70e.dir/build
Building C object CMakeFiles/cmTC_7f70e.dir/CMakeCCompilerABI.c.o
/Library/Developer/CommandLineTools/usr/bin/cc   -v -Wl,-v -o CMakeFiles/cmTC_7f70e.dir/CMakeCCompilerABI.c.o   -c /Library/Frameworks/Python.framework/Versions/3.5/lib/python3.5/site-packages/cmake/data/CMake.app/Contents/share/cmake-3.17/Modules/CMakeCCompilerABI.c
Apple LLVM version 9.0.0 (clang-900.0.39.2)
Target: x86_64-apple-darwin16.7.0
Thread model: posix
InstalledDir: /Library/Developer/CommandLineTools/usr/bin
clang: warning: -Wl,-v: 'linker' input unused [-Wunused-command-line-argument]
 "/Library/Developer/CommandLineTools/usr/bin/clang" -cc1 -triple x86_64-apple-macosx10.12.0 -Wdeprecated-objc-isa-usage -Werror=deprecated-objc-isa-usage -emit-obj -mrelax-all -disable-free -disable-llvm-verifier -discard-value-names -main-file-name CMakeCCompilerABI.c -mrelocation-model pic -pic-level 2 -mthread-model posix -mdisable-fp-elim -fno-strict-return -masm-verbose -munwind-tables -target-cpu penryn -target-linker-version 305 -v -dwarf-column-info -debugger-tuning=lldb -coverage-notes-file /Users/w/CLionProjects/BlueCatServer/CMakeFiles/CMakeTmp/CMakeFiles/cmTC_7f70e.dir/CMakeCCompilerABI.c.gcno -resource-dir /Library/Developer/CommandLineTools/usr/lib/clang/9.0.0 -fdebug-compilation-dir /Users/w/CLionProjects/BlueCatServer/CMakeFiles/CMakeTmp -ferror-limit 19 -fmessage-length 0 -stack-protector 1 -fblocks -fobjc-runtime=macosx-10.12.0 -fencode-extended-block-signature -fmax-type-align=16 -fdiagnostics-show-option -o CMakeFiles/cmTC_7f70e.dir/CMakeCCompilerABI.c.o -x c /Library/Frameworks/Python.framework/Versions/3.5/lib/python3.5/site-packages/cmake/data/CMake.app/Contents/share/cmake-3.17/Modules/CMakeCCompilerABI.c
clang -cc1 version 9.0.0 (clang-900.0.39.2) default target x86_64-apple-darwin16.7.0
#include "..." search starts here:
#include <...> search starts here:
 /usr/local/include
 /Library/Developer/CommandLineTools/usr/lib/clang/9.0.0/include
 /Library/Developer/CommandLineTools/usr/include
 /usr/include
 /System/Library/Frameworks (framework directory)
 /Library/Frameworks (framework directory)
End of search list.
Linking C executable cmTC_7f70e
/Library/Frameworks/Python.framework/Versions/3.5/lib/python3.5/site-packages/cmake/data/CMake.app/Contents/bin/cmake -E cmake_link_script CMakeFiles/cmTC_7f70e.dir/link.txt --verbose=1
/Library/Developer/CommandLineTools/usr/bin/cc   -Wl,-search_paths_first -Wl,-headerpad_max_install_names  -v -Wl,-v CMakeFiles/cmTC_7f70e.dir/CMakeCCompilerABI.c.o  -o cmTC_7f70e 
Apple LLVM version 9.0.0 (clang-900.0.39.2)
Target: x86_64-apple-darwin16.7.0
Thread model: posix
InstalledDir: /Library/Developer/CommandLineTools/usr/bin
 "/Library/Developer/CommandLineTools/usr/bin/ld" -demangle -lto_library /Library/Developer/CommandLineTools/usr/lib/libLTO.dylib -dynamic -arch x86_64 -macosx_version_min 10.12.0 -o cmTC_7f70e -search_paths_first -headerpad_max_install_names -v CMakeFiles/cmTC_7f70e.dir/CMakeCCompilerABI.c.o -lSystem /Library/Developer/CommandLineTools/usr/lib/clang/9.0.0/lib/darwin/libclang_rt.osx.a
@(#)PROGRAM:ld  PROJECT:ld64-305
configured to support archs: armv6 armv7 armv7s arm64 i386 x86_64 x86_64h armv6m armv7k armv7m armv7em (tvOS)
Library search paths:
	/usr/lib
	/usr/local/lib
Framework search paths:
	/Library/Frameworks/
	/System/Library/Frameworks/



Parsed C implicit include dir info from above output: rv=done
  found start of include info
  found start of implicit include info
    add: [/usr/local/include]
    add: [/Library/Developer/CommandLineTools/usr/lib/clang/9.0.0/include]
    add: [/Library/Developer/CommandLineTools/usr/include]
    add: [/usr/include]
  end of search list found
  collapse include dir [/usr/local/include] ==> [/usr/local/include]
  collapse include dir [/Library/Developer/CommandLineTools/usr/lib/clang/9.0.0/include] ==> [/Library/Developer/CommandLineTools/usr/lib/clang/9.0.0/include]
  collapse include dir [/Library/Developer/CommandLineTools/usr/include] ==> [/Library/Developer/CommandLineTools/usr/include]
  collapse include dir [/usr/include] ==> [/usr/include]
  implicit include dirs: [/usr/local/include;/Library/Developer/CommandLineTools/usr/lib/clang/9.0.0/include;/Library/Developer/CommandLineTools/usr/include;/usr/include]


Parsed C implicit link information from above output:
  link line regex: [^( *|.*[/\])(ld|CMAKE_LINK_STARTFILE-NOTFOUND|([^/\]+-)?ld|collect2)[^/\]*( |$)]
  ignore line: [Change Dir: /Users/w/CLionProjects/BlueCatServer/CMakeFiles/CMakeTmp]
  ignore line: []
  ignore line: [Run Build Command(s):/usr/bin/make cmTC_7f70e/fast && /Library/Developer/CommandLineTools/usr/bin/make  -f CMakeFiles/cmTC_7f70e.dir/build.make CMakeFiles/cmTC_7f70e.dir/build]
  ignore line: [Building C object CMakeFiles/cmTC_7f70e.dir/CMakeCCompilerABI.c.o]
  ignore line: [/Library/Developer/CommandLineTools/usr/bin/cc   -v -Wl -v -o CMakeFiles/cmTC_7f70e.dir/CMakeCCompilerABI.c.o   -c /Library/Frameworks/Python.framework/Versions/3.5/lib/python3.5/site-packages/cmake/data/CMake.app/Contents/share/cmake-3.17/Modules/CMakeCCompilerABI.c]
  ignore line: [Apple LLVM version 9.0.0 (clang-900.0.39.2)]
  ignore line: [Target: x86_64-apple-darwin16.7.0]
  ignore line: [Thread model: posix]
  ignore line: [InstalledDir: /Library/Developer/CommandLineTools/usr/bin]
  ignore line: [clang: warning: -Wl -v: 'linker' input unused [-Wunused-command-line-argument]]
  ignore line: [ "/Library/Developer/CommandLineTools/usr/bin/clang" -cc1 -triple x86_64-apple-macosx10.12.0 -Wdeprecated-objc-isa-usage -Werror=deprecated-objc-isa-usage -emit-obj -mrelax-all -disable-free -disable-llvm-verifier -discard-value-names -main-file-name CMakeCCompilerABI.c -mrelocation-model pic -pic-level 2 -mthread-model posix -mdisable-fp-elim -fno-strict-return -masm-verbose -munwind-tables -target-cpu penryn -target-linker-version 305 -v -dwarf-column-info -debugger-tuning=lldb -coverage-notes-file /Users/w/CLionProjects/BlueCatServer/CMakeFiles/CMakeTmp/CMakeFiles/cmTC_7f70e.dir/CMakeCCompilerABI.c.gcno -resource-dir /Library/Developer/CommandLineTools/usr/lib/clang/9.0.0 -fdebug-compilation-dir /Users/w/CLionProjects/BlueCatServer/CMakeFiles/CMakeTmp -ferror-limit 19 -fmessage-length 0 -stack-protector 1 -fblocks -fobjc-runtime=macosx-10.12.0 -fencode-extended-block-signature -fmax-type-align=16 -fdiagnostics-show-option -o CMakeFiles/cmTC_7f70e.dir/CMakeCCompilerABI.c.o -x c /Library/Frameworks/Python.framework/Versions/3.5/lib/python3.5/site-packages/cmake/data/CMake.app/Contents/share/cmake-3.17/Modules/CMakeCCompilerABI.c]
  ignore line: [clang -cc1 version 9.0.0 (clang-900.0.39.2) default target x86_64-apple-darwin16.7.0]
  ignore line: [#include "..." search starts here:]
  ignore line: [#include <...> search starts here:]
  ignore line: [ /usr/local/include]
  ignore line: [ /Library/Developer/CommandLineTools/usr/lib/clang/9.0.0/include]
  ignore line: [ /Library/Developer/CommandLineTools/usr/include]
  ignore line: [ /usr/include]
  ignore line: [ /System/Library/Frameworks (framework directory)]
  ignore line: [ /Library/Frameworks (framework directory)]
  ignore line: [End of search list.]
  ignore line: [Linking C executable cmTC_7f70e]
  ignore line: [/Library/Frameworks/Python.framework/Versions/3.5/lib/python3.5/site-packages/cmake/data/CMake.app/Contents/bin/cmake -E cmake_link_script CMakeFiles/cmTC_7f70e.dir/link.txt --verbose=1]
  ignore line: [/Library/Developer/CommandLineTools/usr/bin/cc   -Wl -search_paths_first -Wl -headerpad_max_install_names  -v -Wl -v CMakeFiles/cmTC_7f70e.dir/CMakeCCompilerABI.c.o  -o cmTC_7f70e ]
  ignore line: [Apple LLVM version 9.0.0 (clang-900.0.39.2)]
  ignore line: [Target: x86_64-apple-darwin16.7.0]
  ignore line: [Thread model: posix]
  ignore line: [InstalledDir: /Library/Developer/CommandLineTools/usr/bin]
  link line: [ "/Library/Developer/CommandLineTools/usr/bin/ld" -demangle -lto_library /Library/Developer/CommandLineTools/usr/lib/libLTO.dylib -dynamic -arch x86_64 -macosx_version_min 10.12.0 -o cmTC_7f70e -search_paths_first -headerpad_max_install_names -v CMakeFiles/cmTC_7f70e.dir/CMakeCCompilerABI.c.o -lSystem /Library/Developer/CommandLineTools/usr/lib/clang/9.0.0/lib/darwin/libclang_rt.osx.a]
    arg [/Library/Developer/CommandLineTools/usr/bin/ld] ==> ignore
    arg [-demangle] ==> ignore
    arg [-lto_library] ==> ignore, skip following value
    arg [/Library/Developer/CommandLineTools/usr/lib/libLTO.dylib] ==> skip value of -lto_library
    arg [-dynamic] ==> ignore
    arg [-arch] ==> ignore
    arg [x86_64] ==> ignore
    arg [-macosx_version_min] ==> ignore
    arg [10.12.0] ==> ignore
    arg [-o] ==> ignore
    arg [cmTC_7f70e] ==> ignore
    arg [-search_paths_first] ==> ignore
    arg [-headerpad_max_install_names] ==> ignore
    arg [-v] ==> ignore
    arg [CMakeFiles/cmTC_7f70e.dir/CMakeCCompilerABI.c.o] ==> ignore
    arg [-lSystem] ==> lib [System]
    arg [/Library/Developer/CommandLineTools/usr/lib/clang/9.0.0/lib/darwin/libclang_rt.osx.a] ==> lib [/Library/Developer/CommandLineTools/usr/lib/clang/9.0.0/lib/darwin/libclang_rt.osx.a]
  Library search paths: [;/usr/lib;/usr/local/lib]
  Framework search paths: [;/Library/Frameworks/;/System/Library/Frameworks/]
  remove lib [System]
  remove lib [/Library/Developer/CommandLineTools/usr/lib/clang/9.0.0/lib/darwin/libclang_rt.osx.a]
  collapse library dir [/usr/lib] ==> [/usr/lib]
  collapse library dir [/usr/local/lib] ==> [/usr/local/lib]
  collapse framework dir [/Library/Frameworks/] ==> [/Library/Frameworks]
  collapse framework dir [/System/Library/Frameworks/] ==> [/System/Library/Frameworks]
  implicit libs: []
  implicit dirs: [/usr/lib;/usr/local/lib]
  implicit fwks: [/Library/Frameworks;/System/Library/Frameworks]


Determining if the CXX compiler works passed with the following output:
Change Dir: /Users/w/CLionProjects/BlueCatServer/CMakeFiles/CMakeTmp

Run Build Command(s):/usr/bin/make cmTC_58a09/fast && /Library/Developer/CommandLineTools/usr/bin/make  -f CMakeFiles/cmTC_58a09.dir/build.make CMakeFiles/cmTC_58a09.dir/build
Building CXX object CMakeFiles/cmTC_58a09.dir/testCXXCompiler.cxx.o
/Library/Developer/CommandLineTools/usr/bin/c++     -o CMakeFiles/cmTC_58a09.dir/testCXXCompiler.cxx.o -c /Users/w/CLionProjects/BlueCatServer/CMakeFiles/CMakeTmp/testCXXCompiler.cxx
Linking CXX executable cmTC_58a09
/Library/Frameworks/Python.framework/Versions/3.5/lib/python3.5/site-packages/cmake/data/CMake.app/Contents/bin/cmake -E cmake_link_script CMakeFiles/cmTC_58a09.dir/link.txt --verbose=1
/Library/Developer/CommandLineTools/usr/bin/c++    -Wl,-search_paths_first -Wl,-headerpad_max_install_names   CMakeFiles/cmTC_58a09.dir/testCXXCompiler.cxx.o  -o cmTC_58a09 



Detecting CXX compiler ABI info compiled with the following output:
Change Dir: /Users/w/CLionProjects/BlueCatServer/CMakeFiles/CMakeTmp

Run Build Command(s):/usr/bin/make cmTC_77051/fast && /Library/Developer/CommandLineTools/usr/bin/make  -f CMakeFiles/cmTC_77051.dir/build.make CMakeFiles/cmTC_77051.dir/build
Building CXX object CMakeFiles/cmTC_77051.dir/CMakeCXXCompilerABI.cpp.o
/Library/Developer/CommandLineTools/usr/bin/c++    -v -Wl,-v -o CMakeFiles/cmTC_77051.dir/CMakeCXXCompilerABI.cpp.o -c /Library/Frameworks/Python.framework/Versions/3.5/lib/python3.5/site-packages/cmake/data/CMake.app/Contents/share/cmake-3.17/Modules/CMakeCXXCompilerABI.cpp
Apple LLVM version 9.0.0 (clang-900.0.39.2)
Target: x86_64-apple-darwin16.7.0
Thread model: posix
InstalledDir: /Library/Developer/CommandLineTools/usr/bin
clang: warning: -Wl,-v: 'linker' input unused [-Wunused-command-line-argument]
 "/Library/Developer/CommandLineTools/usr/bin/clang" -cc1 -triple x86_64-apple-macosx10.12.0 -Wdeprecated-objc-isa-usage -Werror=deprecated-objc-isa-usage -emit-obj -mrelax-all -disable-free -disable-llvm-verifier -discard-value-names -main-file-name CMakeCXXCompilerABI.cpp -mrelocation-model pic -pic-level 2 -mthread-model posix -mdisable-fp-elim -fno-strict-return -masm-verbose -munwind-tables -target-cpu penryn -target-linker-version 305 -v -dwarf-column-info -debugger-tuning=lldb -coverage-notes-file /Users/w/CLionProjects/BlueCatServer/CMakeFiles/CMakeTmp/CMakeFiles/cmTC_77051.dir/CMakeCXXCompilerABI.cpp.gcno -resource-dir /Library/Developer/CommandLineTools/usr/lib/clang/9.0.0 -stdlib=libc++ -fdeprecated-macro -fdebug-compilation-dir /Users/w/CLionProjects/BlueCatServer/CMakeFiles/CMakeTmp -ferror-limit 19 -fmessage-length 0 -stack-protector 1 -fblocks -fobjc-runtime=macosx-10.12.0 -fencode-extended-block-signature -fcxx-exceptions -fexceptions -fmax-type-align=16 -fdiagnostics-show-option -o CMakeFiles/cmTC_77051.dir/CMakeCXXCompilerABI.cpp.o -x c++ /Library/Frameworks/Python.framework/Versions/3.5/lib/python3.5/site-packages/cmake/data/CMake.app/Contents/share/cmake-3.17/Modules/CMakeCXXCompilerABI.cpp
clang -cc1 version 9.0.0 (clang-900.0.39.2) default target x86_64-apple-darwin16.7.0
ignoring nonexistent directory "/usr/include/c++/v1"
#include "..." search starts here:
#include <...> search starts here:
 /Library/Developer/CommandLineTools/usr/include/c++/v1
 /usr/local/include
 /Library/Developer/CommandLineTools/usr/lib/clang/9.0.0/include
 /Library/Developer/CommandLineTools/usr/include
 /usr/include
 /System/Library/Frameworks (framework directory)
 /Library/Frameworks (framework directory)
End of search list.
Linking CXX executable cmTC_77051
/Library/Frameworks/Python.framework/Versions/3.5/lib/python3.5/site-packages/cmake/data/CMake.app/Contents/bin/cmake -E cmake_link_script CMakeFiles/cmTC_77051.dir/link.txt --verbose=1
/Library/Developer/CommandLineTools/usr/bin/c++    -Wl,-search_paths_first -Wl,-headerpad_max_install_names  -v -Wl,-v CMakeFiles/cmTC_77051.dir/CMakeCXXCompilerABI.cpp.o  -o cmTC_77051 
Apple LLVM version 9.0.0 (clang-900.0.39.2)
Target: x86_64-apple-darwin16.7.0
Thread model: posix
InstalledDir: /Library/Developer/CommandLineTools/usr/bin
 "/Library/Developer/CommandLineTools/usr/bin/ld" -demangle -lto_library /Library/Developer/CommandLineTools/usr/lib/libLTO.dylib -dynamic -arch x86_64 -macosx_version_min 10.12.0 -o cmTC_77051 -search_paths_first -headerpad_max_install_names -v CMakeFiles/cmTC_77051.dir/CMakeCXXCompilerABI.cpp.o -lc++ -lSystem /Library/Developer/CommandLineTools/usr/lib/clang/9.0.0/lib/darwin/libclang_rt.osx.a
@(#)PROGRAM:ld  PROJECT:ld64-305
configured to support archs: armv6 armv7 armv7s arm64 i386 x86_64 x86_64h armv6m armv7k armv7m armv7em (tvOS)
Library search paths:
	/usr/lib
	/usr/local/lib
Framework search paths:
	/Library/Frameworks/
	/System/Library/Frameworks/



Parsed CXX implicit include dir info from above output: rv=done
  found start of include info
  found start of implicit include info
    add: [/Library/Developer/CommandLineTools/usr/include/c++/v1]
    add: [/usr/local/include]
    add: [/Library/Developer/CommandLineTools/usr/lib/clang/9.0.0/include]
    add: [/Library/Developer/CommandLineTools/usr/include]
    add: [/usr/include]
  end of search list found
  collapse include dir [/Library/Developer/CommandLineTools/usr/include/c++/v1] ==> [/Library/Developer/CommandLineTools/usr/include/c++/v1]
  collapse include dir [/usr/local/include] ==> [/usr/local/include]
  collapse include dir [/Library/Developer/CommandLineTools/usr/lib/clang/9.0.0/include] ==> [/Library/Developer/CommandLineTools/usr/lib/clang/9.0.0/include]
  collapse include dir [/Library/Developer/CommandLineTools/usr/include] ==> [/Library/Developer/CommandLineTools/usr/include]
  collapse include dir [/usr/include] ==> [/usr/include]
  implicit include dirs: [/Library/Developer/CommandLineTools/usr/include/c++/v1;/usr/local/include;/Library/Developer/CommandLineTools/usr/lib/clang/9.0.0/include;/Library/Developer/CommandLineTools/usr/include;/usr/include]


Parsed CXX implicit link information from above output:
  link line regex: [^( *|.*[/\])(ld|CMAKE_LINK_STARTFILE-NOTFOUND|([^/\]+-)?ld|collect2)[^/\]*( |$)]
  ignore line: [Change Dir: /Users/w/CLionProjects/BlueCatServer/CMakeFiles/CMakeTmp]
  ignore line: []
  ignore line: [Run Build Command(s):/usr/bin/make cmTC_77051/fast && /Library/Developer/CommandLineTools/usr/bin/make  -f CMakeFiles/cmTC_77051.dir/build.make CMakeFiles/cmTC_77051.dir/build]
  ignore line: [Building CXX object CMakeFiles/cmTC_77051.dir/CMakeCXXCompilerABI.cpp.o]
  ignore line: [/Library/Developer/CommandLineTools/usr/bin/c++    -v -Wl -v -o CMakeFiles/cmTC_77051.dir/CMakeCXXCompilerABI.cpp.o -c /Library/Frameworks/Python.framework/Versions/3.5/lib/python3.5/site-packages/cmake/data/CMake.app/Contents/share/cmake-3.17/Modules/CMakeCXXCompilerABI.cpp]
  ignore line: [Apple LLVM version 9.0.0 (clang-900.0.39.2)]
  ignore line: [Target: x86_64-apple-darwin16.7.0]
  ignore line: [Thread model: posix]
  ignore line: [InstalledDir: /Library/Developer/CommandLineTools/usr/bin]
  ignore line: [clang: warning: -Wl -v: 'linker' input unused [-Wunused-command-line-argument]]
  ignore line: [ "/Library/Developer/CommandLineTools/usr/bin/clang" -cc1 -triple x86_64-apple-macosx10.12.0 -Wdeprecated-objc-isa-usage -Werror=deprecated-objc-isa-usage -emit-obj -mrelax-all -disable-free -disable-llvm-verifier -discard-value-names -main-file-name CMakeCXXCompilerABI.cpp -mrelocation-model pic -pic-level 2 -mthread-model posix -mdisable-fp-elim -fno-strict-return -masm-verbose -munwind-tables -target-cpu penryn -target-linker-version 305 -v -dwarf-column-info -debugger-tuning=lldb -coverage-notes-file /Users/w/CLionProjects/BlueCatServer/CMakeFiles/CMakeTmp/CMakeFiles/cmTC_77051.dir/CMakeCXXCompilerABI.cpp.gcno -resource-dir /Library/Developer/CommandLineTools/usr/lib/clang/9.0.0 -stdlib=libc++ -fdeprecated-macro -fdebug-compilation-dir /Users/w/CLionProjects/BlueCatServer/CMakeFiles/CMakeTmp -ferror-limit 19 -fmessage-length 0 -stack-protector 1 -fblocks -fobjc-runtime=macosx-10.12.0 -fencode-extended-block-signature -fcxx-exceptions -fexceptions -fmax-type-align=16 -fdiagnostics-show-option -o CMakeFiles/cmTC_77051.dir/CMakeCXXCompilerABI.cpp.o -x c++ /Library/Frameworks/Python.framework/Versions/3.5/lib/python3.5/site-packages/cmake/data/CMake.app/Contents/share/cmake-3.17/Modules/CMakeCXXCompilerABI.cpp]
  ignore line: [clang -cc1 version 9.0.0 (clang-900.0.39.2) default target x86_64-apple-darwin16.7.0]
  ignore line: [ignoring nonexistent directory "/usr/include/c++/v1"]
  ignore line: [#include "..." search starts here:]
  ignore line: [#include <...> search starts here:]
  ignore line: [ /Library/Developer/CommandLineTools/usr/include/c++/v1]
  ignore line: [ /usr/local/include]
  ignore line: [ /Library/Developer/CommandLineTools/usr/lib/clang/9.0.0/include]
  ignore line: [ /Library/Developer/CommandLineTools/usr/include]
  ignore line: [ /usr/include]
  ignore line: [ /System/Library/Frameworks (framework directory)]
  ignore line: [ /Library/Frameworks (framework directory)]
  ignore line: [End of search list.]
  ignore line: [Linking CXX executable cmTC_77051]
  ignore line: [/Library/Frameworks/Python.framework/Versions/3.5/lib/python3.5/site-packages/cmake/data/CMake.app/Contents/bin/cmake -E cmake_link_script CMakeFiles/cmTC_77051.dir/link.txt --verbose=1]
  ignore line: [/Library/Developer/CommandLineTools/usr/bin/c++    -Wl -search_paths_first -Wl -headerpad_max_install_names  -v -Wl -v CMakeFiles/cmTC_77051.dir/CMakeCXXCompilerABI.cpp.o  -o cmTC_77051 ]
  ignore line: [Apple LLVM version 9.0.0 (clang-900.0.39.2)]
  ignore line: [Target: x86_64-apple-darwin16.7.0]
  ignore line: [Thread model: posix]
  ignore line: [InstalledDir: /Library/Developer/CommandLineTools/usr/bin]
  link line: [ "/Library/Developer/CommandLineTools/usr/bin/ld" -demangle -lto_library /Library/Developer/CommandLineTools/usr/lib/libLTO.dylib -dynamic -arch x86_64 -macosx_version_min 10.12.0 -o cmTC_77051 -search_paths_first -headerpad_max_install_names -v CMakeFiles/cmTC_77051.dir/CMakeCXXCompilerABI.cpp.o -lc++ -lSystem /Library/Developer/CommandLineTools/usr/lib/clang/9.0.0/lib/darwin/libclang_rt.osx.a]
    arg [/Library/Developer/CommandLineTools/usr/bin/ld] ==> ignore
    arg [-demangle] ==> ignore
    arg [-lto_library] ==> ignore, skip following value
    arg [/Library/Developer/CommandLineTools/usr/lib/libLTO.dylib] ==> skip value of -lto_library
    arg [-dynamic] ==> ignore
    arg [-arch] ==> ignore
    arg [x86_64] ==> ignore
    arg [-macosx_version_min] ==> ignore
    arg [10.12.0] ==> ignore
    arg [-o] ==> ignore
    arg [cmTC_77051] ==> ignore
    arg [-search_paths_first] ==> ignore
    arg [-headerpad_max_install_names] ==> ignore
    arg [-v] ==> ignore
    arg [CMakeFiles/cmTC_77051.dir/CMakeCXXCompilerABI.cpp.o] ==> ignore
    arg [-lc++] ==> lib [c++]
    arg [-lSystem] ==> lib [System]
    arg [/Library/Developer/CommandLineTools/usr/lib/clang/9.0.0/lib/darwin/libclang_rt.osx.a] ==> lib [/Library/Developer/CommandLineTools/usr/lib/clang/9.0.0/lib/darwin/libclang_rt.osx.a]
  Library search paths: [;/usr/lib;/usr/local/lib]
  Framework search paths: [;/Library/Frameworks/;/System/Library/Frameworks/]
  remove lib [System]
  remove lib [/Library/Developer/CommandLineTools/usr/lib/clang/9.0.0/lib/darwin/libclang_rt.osx.a]
  collapse library dir [/usr/lib] ==> [/usr/lib]
  collapse library dir [/usr/local/lib] ==> [/usr/local/lib]
  collapse framework dir [/Library/Frameworks/] ==> [/Library/Frameworks]
  collapse framework dir [/System/Library/Frameworks/] ==> [/System/Library/Frameworks]
  implicit libs: [c++]
  implicit dirs: [/usr/lib;/usr/local/lib]
  implicit fwks: [/Library/Frameworks;/System/Library/Frameworks]


The system is: Darwin - 16.7.0 - x86_64
Compiling the C compiler identification source file "CMakeCCompilerId.c" succeeded.
Compiler: /Library/Developer/CommandLineTools/usr/bin/cc 
Build flags: 
Id flags:  

The output was:
0


Compilation of the C compiler identification source "CMakeCCompilerId.c" produced "a.out"

The C compiler identification is AppleClang, found in "/Users/w/CLionProjects/BlueCatServer/CMakeFiles/3.16.5/CompilerIdC/a.out"

Compiling the CXX compiler identification source file "CMakeCXXCompilerId.cpp" succeeded.
Compiler: /Library/Developer/CommandLineTools/usr/bin/c++ 
Build flags: 
Id flags:  

The output was:
0


Compilation of the CXX compiler identification source "CMakeCXXCompilerId.cpp" produced "a.out"

The CXX compiler identification is AppleClang, found in "/Users/w/CLionProjects/BlueCatServer/CMakeFiles/3.16.5/CompilerIdCXX/a.out"

Determining if the C compiler works passed with the following output:
Change Dir: /Users/w/CLionProjects/BlueCatServer/CMakeFiles/CMakeTmp

Run Build Command(s):/usr/bin/make cmTC_0573d/fast && /Library/Developer/CommandLineTools/usr/bin/make -f CMakeFiles/cmTC_0573d.dir/build.make CMakeFiles/cmTC_0573d.dir/build
Building C object CMakeFiles/cmTC_0573d.dir/testCCompiler.c.o
/Library/Developer/CommandLineTools/usr/bin/cc    -o CMakeFiles/cmTC_0573d.dir/testCCompiler.c.o   -c /Users/w/CLionProjects/BlueCatServer/CMakeFiles/CMakeTmp/testCCompiler.c
Linking C executable cmTC_0573d
/Applications/CLion.app/Contents/bin/cmake/mac/bin/cmake -E cmake_link_script CMakeFiles/cmTC_0573d.dir/link.txt --verbose=1
/Library/Developer/CommandLineTools/usr/bin/cc   -Wl,-search_paths_first -Wl,-headerpad_max_install_names   CMakeFiles/cmTC_0573d.dir/testCCompiler.c.o  -o cmTC_0573d 



Detecting C compiler ABI info compiled with the following output:
Change Dir: /Users/w/CLionProjects/BlueCatServer/CMakeFiles/CMakeTmp

Run Build Command(s):/usr/bin/make cmTC_b8ddd/fast && /Library/Developer/CommandLineTools/usr/bin/make -f CMakeFiles/cmTC_b8ddd.dir/build.make CMakeFiles/cmTC_b8ddd.dir/build
Building C object CMakeFiles/cmTC_b8ddd.dir/CMakeCCompilerABI.c.o
/Library/Developer/CommandLineTools/usr/bin/cc   -v -Wl,-v -o CMakeFiles/cmTC_b8ddd.dir/CMakeCCompilerABI.c.o   -c /Applications/CLion.app/Contents/bin/cmake/mac/share/cmake-3.16/Modules/CMakeCCompilerABI.c
Apple LLVM version 9.0.0 (clang-900.0.39.2)
Target: x86_64-apple-darwin16.7.0
Thread model: posix
InstalledDir: /Library/Developer/CommandLineTools/usr/bin
clang: warning: -Wl,-v: 'linker' input unused [-Wunused-command-line-argument]
 "/Library/Developer/CommandLineTools/usr/bin/clang" -cc1 -triple x86_64-apple-macosx10.12.0 -Wdeprecated-objc-isa-usage -Werror=deprecated-objc-isa-usage -emit-obj -mrelax-all -disable-free -disable-llvm-verifier -discard-value-names -main-file-name CMakeCCompilerABI.c -mrelocation-model pic -pic-level 2 -mthread-model posix -mdisable-fp-elim -fno-strict-return -masm-verbose -munwind-tables -target-cpu penryn -target-linker-version 305 -v -dwarf-column-info -debugger-tuning=lldb -coverage-notes-file /Users/w/CLionProjects/BlueCatServer/CMakeFiles/CMakeTmp/CMakeFiles/cmTC_b8ddd.dir/CMakeCCompilerABI.c.gcno -resource-dir /Library/Developer/CommandLineTools/usr/lib/clang/9.0.0 -fdebug-compilation-dir /Users/w/CLionProjects/BlueCatServer/CMakeFiles/CMakeTmp -ferror-limit 19 -fmessage-length 0 -stack-protector 1 -fblocks -fobjc-runtime=macosx-10.12.0 -fencode-extended-block-signature -fmax-type-align=16 -fdiagnostics-show-option -o CMakeFiles/cmTC_b8ddd.dir/CMakeCCompilerABI.c.o -x c /Applications/CLion.app/Contents/bin/cmake/mac/share/cmake-3.16/Modules/CMakeCCompilerABI.c
clang -cc1 version 9.0.0 (clang-900.0.39.2) default target x86_64-apple-darwin16.7.0
#include "..." search starts here:
#include <...> search starts here:
 /usr/local/include
 /Library/Developer/CommandLineTools/usr/lib/clang/9.0.0/include
 /Library/Developer/CommandLineTools/usr/include
 /usr/include
 /System/Library/Frameworks (framework directory)
 /Library/Frameworks (framework directory)
End of search list.
Linking C executable cmTC_b8ddd
/Applications/CLion.app/Contents/bin/cmake/mac/bin/cmake -E cmake_link_script CMakeFiles/cmTC_b8ddd.dir/link.txt --verbose=1
/Library/Developer/CommandLineTools/usr/bin/cc   -Wl,-search_paths_first -Wl,-headerpad_max_install_names  -v -Wl,-v CMakeFiles/cmTC_b8ddd.dir/CMakeCCompilerABI.c.o  -o cmTC_b8ddd 
Apple LLVM version 9.0.0 (clang-900.0.39.2)
Target: x86_64-apple-darwin16.7.0
Thread model: posix
InstalledDir: /Library/Developer/CommandLineTools/usr/bin
 "/Library/Developer/CommandLineTools/usr/bin/ld" -demangle -lto_library /Library/Developer/CommandLineTools/usr/lib/libLTO.dylib -dynamic -arch x86_64 -macosx_version_min 10.12.0 -o cmTC_b8ddd -search_paths_first -headerpad_max_install_names -v CMakeFiles/cmTC_b8ddd.dir/CMakeCCompilerABI.c.o -lSystem /Library/Developer/CommandLineTools/usr/lib/clang/9.0.0/lib/darwin/libclang_rt.osx.a
@(#)PROGRAM:ld  PROJECT:ld64-305
configured to support archs: armv6 armv7 armv7s arm64 i386 x86_64 x86_64h armv6m armv7k armv7m armv7em (tvOS)
Library search paths:
	/usr/lib
	/usr/local/lib
Framework search paths:
	/Library/Frameworks/
	/System/Library/Frameworks/



Parsed C implicit include dir info from above output: rv=done
  found start of include info
  found start of implicit include info
    add: [/usr/local/include]
    add: [/Library/Developer/CommandLineTools/usr/lib/clang/9.0.0/include]
    add: [/Library/Developer/CommandLineTools/usr/include]
    add: [/usr/include]
  end of search list found
  collapse include dir [/usr/local/include] ==> [/usr/local/include]
  collapse include dir [/Library/Developer/CommandLineTools/usr/lib/clang/9.0.0/include] ==> [/Library/Developer/CommandLineTools/usr/lib/clang/9.0.0/include]
  collapse include dir [/Library/Developer/CommandLineTools/usr/include] ==> [/Library/Developer/CommandLineTools/usr/include]
  collapse include dir [/usr/include] ==> [/usr/include]
  implicit include dirs: [/usr/local/include;/Library/Developer/CommandLineTools/usr/lib/clang/9.0.0/include;/Library/Developer/CommandLineTools/usr/include;/usr/include]


Parsed C implicit link information from above output:
  link line regex: [^( *|.*[/\])(ld|CMAKE_LINK_STARTFILE-NOTFOUND|([^/\]+-)?ld|collect2)[^/\]*( |$)]
  ignore line: [Change Dir: /Users/w/CLionProjects/BlueCatServer/CMakeFiles/CMakeTmp]
  ignore line: []
  ignore line: [Run Build Command(s):/usr/bin/make cmTC_b8ddd/fast && /Library/Developer/CommandLineTools/usr/bin/make -f CMakeFiles/cmTC_b8ddd.dir/build.make CMakeFiles/cmTC_b8ddd.dir/build]
  ignore line: [Building C object CMakeFiles/cmTC_b8ddd.dir/CMakeCCompilerABI.c.o]
  ignore line: [/Library/Developer/CommandLineTools/usr/bin/cc   -v -Wl -v -o CMakeFiles/cmTC_b8ddd.dir/CMakeCCompilerABI.c.o   -c /Applications/CLion.app/Contents/bin/cmake/mac/share/cmake-3.16/Modules/CMakeCCompilerABI.c]
  ignore line: [Apple LLVM version 9.0.0 (clang-900.0.39.2)]
  ignore line: [Target: x86_64-apple-darwin16.7.0]
  ignore line: [Thread model: posix]
  ignore line: [InstalledDir: /Library/Developer/CommandLineTools/usr/bin]
  ignore line: [clang: warning: -Wl -v: 'linker' input unused [-Wunused-command-line-argument]]
  ignore line: [ "/Library/Developer/CommandLineTools/usr/bin/clang" -cc1 -triple x86_64-apple-macosx10.12.0 -Wdeprecated-objc-isa-usage -Werror=deprecated-objc-isa-usage -emit-obj -mrelax-all -disable-free -disable-llvm-verifier -discard-value-names -main-file-name CMakeCCompilerABI.c -mrelocation-model pic -pic-level 2 -mthread-model posix -mdisable-fp-elim -fno-strict-return -masm-verbose -munwind-tables -target-cpu penryn -target-linker-version 305 -v -dwarf-column-info -debugger-tuning=lldb -coverage-notes-file /Users/w/CLionProjects/BlueCatServer/CMakeFiles/CMakeTmp/CMakeFiles/cmTC_b8ddd.dir/CMakeCCompilerABI.c.gcno -resource-dir /Library/Developer/CommandLineTools/usr/lib/clang/9.0.0 -fdebug-compilation-dir /Users/w/CLionProjects/BlueCatServer/CMakeFiles/CMakeTmp -ferror-limit 19 -fmessage-length 0 -stack-protector 1 -fblocks -fobjc-runtime=macosx-10.12.0 -fencode-extended-block-signature -fmax-type-align=16 -fdiagnostics-show-option -o CMakeFiles/cmTC_b8ddd.dir/CMakeCCompilerABI.c.o -x c /Applications/CLion.app/Contents/bin/cmake/mac/share/cmake-3.16/Modules/CMakeCCompilerABI.c]
  ignore line: [clang -cc1 version 9.0.0 (clang-900.0.39.2) default target x86_64-apple-darwin16.7.0]
  ignore line: [#include "..." search starts here:]
  ignore line: [#include <...> search starts here:]
  ignore line: [ /usr/local/include]
  ignore line: [ /Library/Developer/CommandLineTools/usr/lib/clang/9.0.0/include]
  ignore line: [ /Library/Developer/CommandLineTools/usr/include]
  ignore line: [ /usr/include]
  ignore line: [ /System/Library/Frameworks (framework directory)]
  ignore line: [ /Library/Frameworks (framework directory)]
  ignore line: [End of search list.]
  ignore line: [Linking C executable cmTC_b8ddd]
  ignore line: [/Applications/CLion.app/Contents/bin/cmake/mac/bin/cmake -E cmake_link_script CMakeFiles/cmTC_b8ddd.dir/link.txt --verbose=1]
  ignore line: [/Library/Developer/CommandLineTools/usr/bin/cc   -Wl -search_paths_first -Wl -headerpad_max_install_names  -v -Wl -v CMakeFiles/cmTC_b8ddd.dir/CMakeCCompilerABI.c.o  -o cmTC_b8ddd ]
  ignore line: [Apple LLVM version 9.0.0 (clang-900.0.39.2)]
  ignore line: [Target: x86_64-apple-darwin16.7.0]
  ignore line: [Thread model: posix]
  ignore line: [InstalledDir: /Library/Developer/CommandLineTools/usr/bin]
  link line: [ "/Library/Developer/CommandLineTools/usr/bin/ld" -demangle -lto_library /Library/Developer/CommandLineTools/usr/lib/libLTO.dylib -dynamic -arch x86_64 -macosx_version_min 10.12.0 -o cmTC_b8ddd -search_paths_first -headerpad_max_install_names -v CMakeFiles/cmTC_b8ddd.dir/CMakeCCompilerABI.c.o -lSystem /Library/Developer/CommandLineTools/usr/lib/clang/9.0.0/lib/darwin/libclang_rt.osx.a]
    arg [/Library/Developer/CommandLineTools/usr/bin/ld] ==> ignore
    arg [-demangle] ==> ignore
    arg [-lto_library] ==> ignore, skip following value
    arg [/Library/Developer/CommandLineTools/usr/lib/libLTO.dylib] ==> skip value of -lto_library
    arg [-dynamic] ==> ignore
    arg [-arch] ==> ignore
    arg [x86_64] ==> ignore
    arg [-macosx_version_min] ==> ignore
    arg [10.12.0] ==> ignore
    arg [-o] ==> ignore
    arg [cmTC_b8ddd] ==> ignore
    arg [-search_paths_first] ==> ignore
    arg [-headerpad_max_install_names] ==> ignore
    arg [-v] ==> ignore
    arg [CMakeFiles/cmTC_b8ddd.dir/CMakeCCompilerABI.c.o] ==> ignore
    arg [-lSystem] ==> lib [System]
    arg [/Library/Developer/CommandLineTools/usr/lib/clang/9.0.0/lib/darwin/libclang_rt.osx.a] ==> lib [/Library/Developer/CommandLineTools/usr/lib/clang/9.0.0/lib/darwin/libclang_rt.osx.a]
  Library search paths: [;/usr/lib;/usr/local/lib]
  Framework search paths: [;/Library/Frameworks/;/System/Library/Frameworks/]
  remove lib [System]
  remove lib [/Library/Developer/CommandLineTools/usr/lib/clang/9.0.0/lib/darwin/libclang_rt.osx.a]
  collapse library dir [/usr/lib] ==> [/usr/lib]
  collapse library dir [/usr/local/lib] ==> [/usr/local/lib]
  collapse framework dir [/Library/Frameworks/] ==> [/Library/Frameworks]
  collapse framework dir [/System/Library/Frameworks/] ==> [/System/Library/Frameworks]
  implicit libs: []
  implicit dirs: [/usr/lib;/usr/local/lib]
  implicit fwks: [/Library/Frameworks;/System/Library/Frameworks]


Determining if the CXX compiler works passed with the following output:
Change Dir: /Users/w/CLionProjects/BlueCatServer/CMakeFiles/CMakeTmp

Run Build Command(s):/usr/bin/make cmTC_6d37d/fast && /Library/Developer/CommandLineTools/usr/bin/make -f CMakeFiles/cmTC_6d37d.dir/build.make CMakeFiles/cmTC_6d37d.dir/build
Building CXX object CMakeFiles/cmTC_6d37d.dir/testCXXCompiler.cxx.o
/Library/Developer/CommandLineTools/usr/bin/c++     -o CMakeFiles/cmTC_6d37d.dir/testCXXCompiler.cxx.o -c /Users/w/CLionProjects/BlueCatServer/CMakeFiles/CMakeTmp/testCXXCompiler.cxx
Linking CXX executable cmTC_6d37d
/Applications/CLion.app/Contents/bin/cmake/mac/bin/cmake -E cmake_link_script CMakeFiles/cmTC_6d37d.dir/link.txt --verbose=1
/Library/Developer/CommandLineTools/usr/bin/c++    -Wl,-search_paths_first -Wl,-headerpad_max_install_names   CMakeFiles/cmTC_6d37d.dir/testCXXCompiler.cxx.o  -o cmTC_6d37d 



Detecting CXX compiler ABI info compiled with the following output:
Change Dir: /Users/w/CLionProjects/BlueCatServer/CMakeFiles/CMakeTmp

Run Build Command(s):/usr/bin/make cmTC_700f9/fast && /Library/Developer/CommandLineTools/usr/bin/make -f CMakeFiles/cmTC_700f9.dir/build.make CMakeFiles/cmTC_700f9.dir/build
Building CXX object CMakeFiles/cmTC_700f9.dir/CMakeCXXCompilerABI.cpp.o
/Library/Developer/CommandLineTools/usr/bin/c++    -v -Wl,-v -o CMakeFiles/cmTC_700f9.dir/CMakeCXXCompilerABI.cpp.o -c /Applications/CLion.app/Contents/bin/cmake/mac/share/cmake-3.16/Modules/CMakeCXXCompilerABI.cpp
Apple LLVM version 9.0.0 (clang-900.0.39.2)
Target: x86_64-apple-darwin16.7.0
Thread model: posix
InstalledDir: /Library/Developer/CommandLineTools/usr/bin
clang: warning: -Wl,-v: 'linker' input unused [-Wunused-command-line-argument]
 "/Library/Developer/CommandLineTools/usr/bin/clang" -cc1 -triple x86_64-apple-macosx10.12.0 -Wdeprecated-objc-isa-usage -Werror=deprecated-objc-isa-usage -emit-obj -mrelax-all -disable-free -disable-llvm-verifier -discard-value-names -main-file-name CMakeCXXCompilerABI.cpp -mrelocation-model pic -pic-level 2 -mthread-model posix -mdisable-fp-elim -fno-strict-return -masm-verbose -munwind-tables -target-cpu penryn -target-linker-version 305 -v -dwarf-column-info -debugger-tuning=lldb -coverage-notes-file /Users/w/CLionProjects/BlueCatServer/CMakeFiles/CMakeTmp/CMakeFiles/cmTC_700f9.dir/CMakeCXXCompilerABI.cpp.gcno -resource-dir /Library/Developer/CommandLineTools/usr/lib/clang/9.0.0 -stdlib=libc++ -fdeprecated-macro -fdebug-compilation-dir /Users/w/CLionProjects/BlueCatServer/CMakeFiles/CMakeTmp -ferror-limit 19 -fmessage-length 0 -stack-protector 1 -fblocks -fobjc-runtime=macosx-10.12.0 -fencode-extended-block-signature -fcxx-exceptions -fexceptions -fmax-type-align=16 -fdiagnostics-show-option -o CMakeFiles/cmTC_700f9.dir/CMakeCXXCompilerABI.cpp.o -x c++ /Applications/CLion.app/Contents/bin/cmake/mac/share/cmake-3.16/Modules/CMakeCXXCompilerABI.cpp
clang -cc1 version 9.0.0 (clang-900.0.39.2) default target x86_64-apple-darwin16.7.0
ignoring nonexistent directory "/usr/include/c++/v1"
#include "..." search starts here:
#include <...> search starts here:
 /Library/Developer/CommandLineTools/usr/include/c++/v1
 /usr/local/include
 /Library/Developer/CommandLineTools/usr/lib/clang/9.0.0/include
 /Library/Developer/CommandLineTools/usr/include
 /usr/include
 /System/Library/Frameworks (framework directory)
 /Library/Frameworks (framework directory)
End of search list.
Linking CXX executable cmTC_700f9
/Applications/CLion.app/Contents/bin/cmake/mac/bin/cmake -E cmake_link_script CMakeFiles/cmTC_700f9.dir/link.txt --verbose=1
/Library/Developer/CommandLineTools/usr/bin/c++    -Wl,-search_paths_first -Wl,-headerpad_max_install_names  -v -Wl,-v CMakeFiles/cmTC_700f9.dir/CMakeCXXCompilerABI.cpp.o  -o cmTC_700f9 
Apple LLVM version 9.0.0 (clang-900.0.39.2)
Target: x86_64-apple-darwin16.7.0
Thread model: posix
InstalledDir: /Library/Developer/CommandLineTools/usr/bin
 "/Library/Developer/CommandLineTools/usr/bin/ld" -demangle -lto_library /Library/Developer/CommandLineTools/usr/lib/libLTO.dylib -dynamic -arch x86_64 -macosx_version_min 10.12.0 -o cmTC_700f9 -search_paths_first -headerpad_max_install_names -v CMakeFiles/cmTC_700f9.dir/CMakeCXXCompilerABI.cpp.o -lc++ -lSystem /Library/Developer/CommandLineTools/usr/lib/clang/9.0.0/lib/darwin/libclang_rt.osx.a
@(#)PROGRAM:ld  PROJECT:ld64-305
configured to support archs: armv6 armv7 armv7s arm64 i386 x86_64 x86_64h armv6m armv7k armv7m armv7em (tvOS)
Library search paths:
	/usr/lib
	/usr/local/lib
Framework search paths:
	/Library/Frameworks/
	/System/Library/Frameworks/



Parsed CXX implicit include dir info from above output: rv=done
  found start of include info
  found start of implicit include info
    add: [/Library/Developer/CommandLineTools/usr/include/c++/v1]
    add: [/usr/local/include]
    add: [/Library/Developer/CommandLineTools/usr/lib/clang/9.0.0/include]
    add: [/Library/Developer/CommandLineTools/usr/include]
    add: [/usr/include]
  end of search list found
  collapse include dir [/Library/Developer/CommandLineTools/usr/include/c++/v1] ==> [/Library/Developer/CommandLineTools/usr/include/c++/v1]
  collapse include dir [/usr/local/include] ==> [/usr/local/include]
  collapse include dir [/Library/Developer/CommandLineTools/usr/lib/clang/9.0.0/include] ==> [/Library/Developer/CommandLineTools/usr/lib/clang/9.0.0/include]
  collapse include dir [/Library/Developer/CommandLineTools/usr/include] ==> [/Library/Developer/CommandLineTools/usr/include]
  collapse include dir [/usr/include] ==> [/usr/include]
  implicit include dirs: [/Library/Developer/CommandLineTools/usr/include/c++/v1;/usr/local/include;/Library/Developer/CommandLineTools/usr/lib/clang/9.0.0/include;/Library/Developer/CommandLineTools/usr/include;/usr/include]


Parsed CXX implicit link information from above output:
  link line regex: [^( *|.*[/\])(ld|CMAKE_LINK_STARTFILE-NOTFOUND|([^/\]+-)?ld|collect2)[^/\]*( |$)]
  ignore line: [Change Dir: /Users/w/CLionProjects/BlueCatServer/CMakeFiles/CMakeTmp]
  ignore line: []
  ignore line: [Run Build Command(s):/usr/bin/make cmTC_700f9/fast && /Library/Developer/CommandLineTools/usr/bin/make -f CMakeFiles/cmTC_700f9.dir/build.make CMakeFiles/cmTC_700f9.dir/build]
  ignore line: [Building CXX object CMakeFiles/cmTC_700f9.dir/CMakeCXXCompilerABI.cpp.o]
  ignore line: [/Library/Developer/CommandLineTools/usr/bin/c++    -v -Wl -v -o CMakeFiles/cmTC_700f9.dir/CMakeCXXCompilerABI.cpp.o -c /Applications/CLion.app/Contents/bin/cmake/mac/share/cmake-3.16/Modules/CMakeCXXCompilerABI.cpp]
  ignore line: [Apple LLVM version 9.0.0 (clang-900.0.39.2)]
  ignore line: [Target: x86_64-apple-darwin16.7.0]
  ignore line: [Thread model: posix]
  ignore line: [InstalledDir: /Library/Developer/CommandLineTools/usr/bin]
  ignore line: [clang: warning: -Wl -v: 'linker' input unused [-Wunused-command-line-argument]]
  ignore line: [ "/Library/Developer/CommandLineTools/usr/bin/clang" -cc1 -triple x86_64-apple-macosx10.12.0 -Wdeprecated-objc-isa-usage -Werror=deprecated-objc-isa-usage -emit-obj -mrelax-all -disable-free -disable-llvm-verifier -discard-value-names -main-file-name CMakeCXXCompilerABI.cpp -mrelocation-model pic -pic-level 2 -mthread-model posix -mdisable-fp-elim -fno-strict-return -masm-verbose -munwind-tables -target-cpu penryn -target-linker-version 305 -v -dwarf-column-info -debugger-tuning=lldb -coverage-notes-file /Users/w/CLionProjects/BlueCatServer/CMakeFiles/CMakeTmp/CMakeFiles/cmTC_700f9.dir/CMakeCXXCompilerABI.cpp.gcno -resource-dir /Library/Developer/CommandLineTools/usr/lib/clang/9.0.0 -stdlib=libc++ -fdeprecated-macro -fdebug-compilation-dir /Users/w/CLionProjects/BlueCatServer/CMakeFiles/CMakeTmp -ferror-limit 19 -fmessage-length 0 -stack-protector 1 -fblocks -fobjc-runtime=macosx-10.12.0 -fencode-extended-block-signature -fcxx-exceptions -fexceptions -fmax-type-align=16 -fdiagnostics-show-option -o CMakeFiles/cmTC_700f9.dir/CMakeCXXCompilerABI.cpp.o -x c++ /Applications/CLion.app/Contents/bin/cmake/mac/share/cmake-3.16/Modules/CMakeCXXCompilerABI.cpp]
  ignore line: [clang -cc1 version 9.0.0 (clang-900.0.39.2) default target x86_64-apple-darwin16.7.0]
  ignore line: [ignoring nonexistent directory "/usr/include/c++/v1"]
  ignore line: [#include "..." search starts here:]
  ignore line: [#include <...> search starts here:]
  ignore line: [ /Library/Developer/CommandLineTools/usr/include/c++/v1]
  ignore line: [ /usr/local/include]
  ignore line: [ /Library/Developer/CommandLineTools/usr/lib/clang/9.0.0/include]
  ignore line: [ /Library/Developer/CommandLineTools/usr/include]
  ignore line: [ /usr/include]
  ignore line: [ /System/Library/Frameworks (framework directory)]
  ignore line: [ /Library/Frameworks (framework directory)]
  ignore line: [End of search list.]
  ignore line: [Linking CXX executable cmTC_700f9]
  ignore line: [/Applications/CLion.app/Contents/bin/cmake/mac/bin/cmake -E cmake_link_script CMakeFiles/cmTC_700f9.dir/link.txt --verbose=1]
  ignore line: [/Library/Developer/CommandLineTools/usr/bin/c++    -Wl -search_paths_first -Wl -headerpad_max_install_names  -v -Wl -v CMakeFiles/cmTC_700f9.dir/CMakeCXXCompilerABI.cpp.o  -o cmTC_700f9 ]
  ignore line: [Apple LLVM version 9.0.0 (clang-900.0.39.2)]
  ignore line: [Target: x86_64-apple-darwin16.7.0]
  ignore line: [Thread model: posix]
  ignore line: [InstalledDir: /Library/Developer/CommandLineTools/usr/bin]
  link line: [ "/Library/Developer/CommandLineTools/usr/bin/ld" -demangle -lto_library /Library/Developer/CommandLineTools/usr/lib/libLTO.dylib -dynamic -arch x86_64 -macosx_version_min 10.12.0 -o cmTC_700f9 -search_paths_first -headerpad_max_install_names -v CMakeFiles/cmTC_700f9.dir/CMakeCXXCompilerABI.cpp.o -lc++ -lSystem /Library/Developer/CommandLineTools/usr/lib/clang/9.0.0/lib/darwin/libclang_rt.osx.a]
    arg [/Library/Developer/CommandLineTools/usr/bin/ld] ==> ignore
    arg [-demangle] ==> ignore
    arg [-lto_library] ==> ignore, skip following value
    arg [/Library/Developer/CommandLineTools/usr/lib/libLTO.dylib] ==> skip value of -lto_library
    arg [-dynamic] ==> ignore
    arg [-arch] ==> ignore
    arg [x86_64] ==> ignore
    arg [-macosx_version_min] ==> ignore
    arg [10.12.0] ==> ignore
    arg [-o] ==> ignore
    arg [cmTC_700f9] ==> ignore
    arg [-search_paths_first] ==> ignore
    arg [-headerpad_max_install_names] ==> ignore
    arg [-v] ==> ignore
    arg [CMakeFiles/cmTC_700f9.dir/CMakeCXXCompilerABI.cpp.o] ==> ignore
    arg [-lc++] ==> lib [c++]
    arg [-lSystem] ==> lib [System]
    arg [/Library/Developer/CommandLineTools/usr/lib/clang/9.0.0/lib/darwin/libclang_rt.osx.a] ==> lib [/Library/Developer/CommandLineTools/usr/lib/clang/9.0.0/lib/darwin/libclang_rt.osx.a]
  Library search paths: [;/usr/lib;/usr/local/lib]
  Framework search paths: [;/Library/Frameworks/;/System/Library/Frameworks/]
  remove lib [System]
  remove lib [/Library/Developer/CommandLineTools/usr/lib/clang/9.0.0/lib/darwin/libclang_rt.osx.a]
  collapse library dir [/usr/lib] ==> [/usr/lib]
  collapse library dir [/usr/local/lib] ==> [/usr/local/lib]
  collapse framework dir [/Library/Frameworks/] ==> [/Library/Frameworks]
  collapse framework dir [/System/Library/Frameworks/] ==> [/System/Library/Frameworks]
  implicit libs: [c++]
  implicit dirs: [/usr/lib;/usr/local/lib]
  implicit fwks: [/Library/Frameworks;/System/Library/Frameworks]


